<?xml version="1.0" encoding="UTF-8"?>
<!-- Generated by org.testng.reporters.JUnitReportReporter -->
<testsuite skipped="0" hostname="DESKTOP-FDOBOJL" name="com.ibm.testautomation.testrunner.TestRunner" tests="1" failures="0" timestamp="17 Sep 2019 15:53:24 GMT" time="34.935" errors="0">
  <testcase name="feature" time="34.935" classname="com.ibm.testautomation.testrunner.TestRunner"/>
</testsuite> <!-- com.ibm.testautomation.testrunner.TestRunner -->
